TN:
SF:index.js
FN:21,(anonymous_0)
FN:22,(anonymous_1)
FN:31,(anonymous_2)
FN:40,(anonymous_3)
FN:49,(anonymous_4)
FN:69,(anonymous_5)
FN:70,(anonymous_6)
FN:71,(anonymous_7)
FN:109,(anonymous_8)
FN:174,(anonymous_9)
FN:181,(anonymous_10)
FN:182,(anonymous_11)
FN:185,(anonymous_12)
FN:205,(anonymous_13)
FN:217,(anonymous_14)
FN:221,(anonymous_15)
FN:225,(anonymous_16)
FN:246,refreshAllTickerCache
FN:247,(anonymous_18)
FN:283,(anonymous_19)
FN:284,(anonymous_20)
FN:306,(anonymous_21)
FN:320,(anonymous_22)
FN:366,(anonymous_23)
FN:370,(anonymous_24)
FN:374,(anonymous_25)
FN:386,(anonymous_26)
FN:439,(anonymous_27)
FN:484,(anonymous_28)
FN:488,(anonymous_29)
FN:492,(anonymous_30)
FN:504,(anonymous_31)
FN:544,(anonymous_32)
FNF:33
FNH:24
FNDA:4,(anonymous_0)
FNDA:10,(anonymous_1)
FNDA:10,(anonymous_2)
FNDA:8,(anonymous_3)
FNDA:50,(anonymous_4)
FNDA:2,(anonymous_5)
FNDA:1,(anonymous_6)
FNDA:2,(anonymous_7)
FNDA:1,(anonymous_8)
FNDA:1,(anonymous_9)
FNDA:1,(anonymous_10)
FNDA:0,(anonymous_11)
FNDA:1,(anonymous_12)
FNDA:6,(anonymous_13)
FNDA:3,(anonymous_14)
FNDA:1,(anonymous_15)
FNDA:3,(anonymous_16)
FNDA:0,refreshAllTickerCache
FNDA:0,(anonymous_18)
FNDA:0,(anonymous_19)
FNDA:0,(anonymous_20)
FNDA:0,(anonymous_21)
FNDA:14,(anonymous_22)
FNDA:10,(anonymous_23)
FNDA:1,(anonymous_24)
FNDA:0,(anonymous_25)
FNDA:10,(anonymous_26)
FNDA:11,(anonymous_27)
FNDA:11,(anonymous_28)
FNDA:1,(anonymous_29)
FNDA:0,(anonymous_30)
FNDA:11,(anonymous_31)
FNDA:0,(anonymous_32)
DA:1,1
DA:2,1
DA:3,1
DA:4,1
DA:5,1
DA:9,1
DA:10,1
DA:11,1
DA:14,1
DA:16,1
DA:17,1
DA:18,1
DA:19,1
DA:20,1
DA:21,4
DA:22,1
DA:23,10
DA:24,10
DA:31,10
DA:32,1
DA:34,0
DA:36,1
DA:37,1
DA:40,1
DA:41,8
DA:42,8
DA:43,8
DA:44,3
DA:48,5
DA:49,5
DA:50,50
DA:55,5
DA:56,3
DA:57,3
DA:58,3
DA:59,3
DA:63,2
DA:67,2
DA:68,2
DA:69,2
DA:70,2
DA:71,2
DA:72,2
DA:73,1
DA:74,1
DA:76,1
DA:77,1
DA:78,1
DA:79,1
DA:80,1
DA:81,1
DA:83,0
DA:84,0
DA:95,1
DA:100,1
DA:107,1
DA:109,1
DA:110,1
DA:174,1
DA:175,1
DA:180,1
DA:181,1
DA:182,0
DA:185,1
DA:186,1
DA:192,1
DA:193,1
DA:194,1
DA:196,1
DA:200,0
DA:201,0
DA:205,1
DA:206,6
DA:208,6
DA:209,3
DA:212,3
DA:214,3
DA:215,3
DA:217,3
DA:218,3
DA:221,3
DA:222,1
DA:225,3
DA:226,3
DA:227,1
DA:228,1
DA:230,2
DA:231,2
DA:232,1
DA:234,1
DA:235,1
DA:242,1
DA:243,1
DA:247,0
DA:248,0
DA:250,0
DA:251,0
DA:252,0
DA:253,0
DA:256,0
DA:278,0
DA:282,0
DA:283,0
DA:284,0
DA:285,0
DA:286,0
DA:287,0
DA:288,0
DA:289,0
DA:290,0
DA:291,0
DA:292,0
DA:293,0
DA:294,0
DA:295,0
DA:298,0
DA:299,0
DA:300,0
DA:304,0
DA:305,0
DA:306,0
DA:307,0
DA:308,0
DA:310,0
DA:317,1
DA:318,1
DA:320,1
DA:321,14
DA:322,14
DA:323,14
DA:326,14
DA:327,4
DA:331,10
DA:357,10
DA:362,10
DA:363,10
DA:364,10
DA:366,10
DA:367,10
DA:370,10
DA:371,1
DA:374,10
DA:375,0
DA:376,0
DA:377,0
DA:378,0
DA:386,10
DA:387,10
DA:388,10
DA:390,10
DA:391,1
DA:392,1
DA:399,9
DA:400,9
DA:401,9
DA:402,9
DA:403,9
DA:406,9
DA:407,9
DA:408,9
DA:409,713
DA:410,713
DA:411,17
DA:412,17
DA:413,9
DA:414,9
DA:419,9
DA:420,9
DA:423,9
DA:425,9
DA:426,9
DA:428,0
DA:429,0
DA:430,0
DA:439,1
DA:440,11
DA:442,11
DA:443,11
DA:445,11
DA:475,11
DA:480,11
DA:481,11
DA:482,11
DA:484,11
DA:485,11
DA:488,11
DA:489,1
DA:492,11
DA:493,0
DA:494,0
DA:495,0
DA:496,0
DA:504,11
DA:505,11
DA:506,11
DA:508,11
DA:509,11
DA:511,11
DA:512,1
DA:513,1
DA:520,10
DA:521,10
DA:522,10
DA:523,10
DA:524,9
DA:527,10
DA:528,9
DA:530,1
DA:531,1
DA:532,1
DA:543,1
DA:544,0
DA:547,1
LF:213
LH:164
BRDA:11,0,0,1
BRDA:11,0,1,1
BRDA:28,1,0,10
BRDA:28,1,1,0
BRDA:29,2,0,10
BRDA:29,2,1,0
BRDA:31,3,0,10
BRDA:31,3,1,10
BRDA:43,4,0,3
BRDA:43,4,1,5
BRDA:43,5,0,8
BRDA:43,5,1,7
BRDA:50,6,0,50
BRDA:50,6,1,49
BRDA:50,6,2,47
BRDA:55,7,0,3
BRDA:55,7,1,2
BRDA:72,8,0,1
BRDA:72,8,1,1
BRDA:95,9,0,1
BRDA:95,9,1,1
BRDA:208,10,0,3
BRDA:208,10,1,3
BRDA:208,11,0,6
BRDA:208,11,1,5
BRDA:208,11,2,4
BRDA:226,12,0,1
BRDA:226,12,1,2
BRDA:252,13,0,0
BRDA:252,13,1,0
BRDA:252,14,0,0
BRDA:252,14,1,0
BRDA:285,15,0,0
BRDA:285,15,1,0
BRDA:289,16,0,0
BRDA:289,16,1,0
BRDA:292,17,0,0
BRDA:292,17,1,0
BRDA:293,18,0,0
BRDA:293,18,1,0
BRDA:295,19,0,0
BRDA:295,19,1,0
BRDA:298,20,0,0
BRDA:298,20,1,0
BRDA:304,21,0,0
BRDA:304,21,1,0
BRDA:321,22,0,1
BRDA:321,23,0,1
BRDA:326,24,0,4
BRDA:326,24,1,10
BRDA:326,25,0,14
BRDA:326,25,1,4
BRDA:376,26,0,0
BRDA:376,26,1,0
BRDA:387,27,0,0
BRDA:387,27,1,10
BRDA:390,28,0,1
BRDA:390,28,1,9
BRDA:394,29,0,1
BRDA:394,29,1,0
BRDA:402,30,0,9
BRDA:402,30,1,0
BRDA:409,31,0,17
BRDA:409,31,1,696
BRDA:410,32,0,17
BRDA:410,32,1,696
BRDA:412,33,0,9
BRDA:412,33,1,8
BRDA:419,34,0,9
BRDA:419,34,1,0
BRDA:440,35,0,1
BRDA:494,36,0,0
BRDA:494,36,1,0
BRDA:505,37,0,0
BRDA:505,37,1,11
BRDA:511,38,0,1
BRDA:511,38,1,10
BRDA:515,39,0,1
BRDA:515,39,1,0
BRDA:523,40,0,9
BRDA:523,40,1,1
BRDA:543,41,0,0
BRDA:543,41,1,1
BRF:83
BRH:52
end_of_record
